2014-05-09 10:54:58,764 [main] INFO  c.n.h.c.p.n.NettyAsyncHttpProvider - Number of application's worked threads is 16
2014-05-09 10:54:59,259 [pool-4-thread-1] INFO  c.n.h.c.p.n.NettyAsyncHttpProvider - Number of application's worked threads is 16
2014-05-09 10:55:00,048 [Worker-9] WARN  o.e.r.i.rcp.repo.ModelRepository - 'remote-models (http://download.eclipse.org/recommenders/models/juno/, releases+snapshots)' did not send ETAG header for 'org.eclipse.recommenders:index:pom:0.0.0'.
2014-05-09 10:55:00,239 [Worker-9] WARN  o.e.r.i.r.repo.UpdateModelIndexJob - Couldn't download search index. No (direct) internet connection? Need a proxy?
java.lang.NullPointerException: null
	at org.sonatype.aether.impl.internal.DefaultRepositorySystem.resolveDependencies(DefaultRepositorySystem.java:352) ~[aether-impl-1.13.1.jar:na]
	at org.eclipse.recommenders.internal.rcp.repo.ModelRepository.resolve(ModelRepository.java:224) ~[org.eclipse.recommenders.rcp_1.0.3.v20130211-0152-b208.jar:na]
	at org.eclipse.recommenders.internal.rcp.repo.UpdateModelIndexJob.downloadAndUnzipIndex(UpdateModelIndexJob.java:68) [org.eclipse.recommenders.rcp_1.0.3.v20130211-0152-b208.jar:na]
	at org.eclipse.recommenders.internal.rcp.repo.UpdateModelIndexJob.run(UpdateModelIndexJob.java:46) [org.eclipse.recommenders.rcp_1.0.3.v20130211-0152-b208.jar:na]
	at org.eclipse.core.internal.jobs.Worker.run(Worker.java:53) [org.eclipse.core.jobs_3.5.300.v20120912-155018.jar:na]
2014-05-09 10:55:01,936 [Worker-9] ERROR o.e.r.i.r.repo.ModelRepositoryIndex - Failed to open search index.
org.apache.lucene.index.IndexNotFoundException: no segments* file found in org.apache.lucene.store.MMapDirectory@X:\Coding\Trampoline\ScoringSystem\.metadata\.plugins\org.eclipse.recommenders.rcp\index lockFactory=org.apache.lucene.store.NativeFSLockFactory@2b507b5e: files: []
	at org.apache.lucene.index.SegmentInfos$FindSegmentsFile.run(SegmentInfos.java:712) ~[org.apache.lucene.core_3.5.0.v20120319-2345.jar:3.5.0 1204988 - simon - 2011-11-22 14:46:51]
	at org.apache.lucene.index.DirectoryReader.open(DirectoryReader.java:75) ~[org.apache.lucene.core_3.5.0.v20120319-2345.jar:3.5.0 1204988 - simon - 2011-11-22 14:46:51]
	at org.apache.lucene.index.IndexReader.open(IndexReader.java:462) ~[org.apache.lucene.core_3.5.0.v20120319-2345.jar:3.5.0 1204988 - simon - 2011-11-22 14:46:51]
	at org.apache.lucene.index.IndexReader.open(IndexReader.java:308) ~[org.apache.lucene.core_3.5.0.v20120319-2345.jar:3.5.0 1204988 - simon - 2011-11-22 14:46:51]
	at org.eclipse.recommenders.internal.rcp.repo.ModelRepositoryIndex.open(ModelRepositoryIndex.java:64) ~[org.eclipse.recommenders.rcp_1.0.3.v20130211-0152-b208.jar:na]
	at org.eclipse.recommenders.internal.rcp.repo.UpdateModelIndexJob.run(UpdateModelIndexJob.java:55) [org.eclipse.recommenders.rcp_1.0.3.v20130211-0152-b208.jar:na]
	at org.eclipse.core.internal.jobs.Worker.run(Worker.java:53) [org.eclipse.core.jobs_3.5.300.v20120912-155018.jar:na]
2014-05-09 10:55:01,938 [main] ERROR o.e.r.i.r.repo.ModelRepositoryIndex - Failed to open search index.
org.apache.lucene.index.IndexNotFoundException: no segments* file found in org.apache.lucene.store.MMapDirectory@X:\Coding\Trampoline\ScoringSystem\.metadata\.plugins\org.eclipse.recommenders.rcp\index lockFactory=org.apache.lucene.store.NativeFSLockFactory@30d36e89: files: []
	at org.apache.lucene.index.SegmentInfos$FindSegmentsFile.run(SegmentInfos.java:712) ~[org.apache.lucene.core_3.5.0.v20120319-2345.jar:3.5.0 1204988 - simon - 2011-11-22 14:46:51]
	at org.apache.lucene.index.DirectoryReader.open(DirectoryReader.java:75) ~[org.apache.lucene.core_3.5.0.v20120319-2345.jar:3.5.0 1204988 - simon - 2011-11-22 14:46:51]
	at org.apache.lucene.index.IndexReader.open(IndexReader.java:462) ~[org.apache.lucene.core_3.5.0.v20120319-2345.jar:3.5.0 1204988 - simon - 2011-11-22 14:46:51]
	at org.apache.lucene.index.IndexReader.open(IndexReader.java:308) ~[org.apache.lucene.core_3.5.0.v20120319-2345.jar:3.5.0 1204988 - simon - 2011-11-22 14:46:51]
	at org.eclipse.recommenders.internal.rcp.repo.ModelRepositoryIndex.open(ModelRepositoryIndex.java:64) ~[org.eclipse.recommenders.rcp_1.0.3.v20130211-0152-b208.jar:na]
	at org.eclipse.recommenders.internal.rcp.wiring.RecommendersModule$ServicesInitializer.<init>(RecommendersModule.java:377) [org.eclipse.recommenders.rcp_1.0.3.v20130211-0152-b208.jar:na]
	at sun.reflect.NativeConstructorAccessorImpl.newInstance0(Native Method) [na:1.7.0_21]
	at sun.reflect.NativeConstructorAccessorImpl.newInstance(Unknown Source) [na:1.7.0_21]
	at sun.reflect.DelegatingConstructorAccessorImpl.newInstance(Unknown Source) [na:1.7.0_21]
	at java.lang.reflect.Constructor.newInstance(Unknown Source) [na:1.7.0_21]
	at com.google.inject.internal.DefaultConstructionProxyFactory$1.newInstance(DefaultConstructionProxyFactory.java:85) [com.google.inject_3.0.0.v201203062045.jar:na]
	at com.google.inject.internal.ConstructorInjector.construct(ConstructorInjector.java:85) [com.google.inject_3.0.0.v201203062045.jar:na]
	at com.google.inject.internal.ConstructorBindingImpl$Factory.get(ConstructorBindingImpl.java:254) [com.google.inject_3.0.0.v201203062045.jar:na]
	at com.google.inject.internal.ProviderToInternalFactoryAdapter$1.call(ProviderToInternalFactoryAdapter.java:46) [com.google.inject_3.0.0.v201203062045.jar:na]
	at com.google.inject.internal.InjectorImpl.callInContext(InjectorImpl.java:1031) [com.google.inject_3.0.0.v201203062045.jar:na]
	at com.google.inject.internal.ProviderToInternalFactoryAdapter.get(ProviderToInternalFactoryAdapter.java:40) [com.google.inject_3.0.0.v201203062045.jar:na]
	at com.google.inject.Scopes$1$1.get(Scopes.java:65) [com.google.inject_3.0.0.v201203062045.jar:na]
	at com.google.inject.internal.InternalFactoryToProviderAdapter.get(InternalFactoryToProviderAdapter.java:40) [com.google.inject_3.0.0.v201203062045.jar:na]
	at com.google.inject.internal.InternalInjectorCreator$1.call(InternalInjectorCreator.java:204) [com.google.inject_3.0.0.v201203062045.jar:na]
	at com.google.inject.internal.InternalInjectorCreator$1.call(InternalInjectorCreator.java:198) [com.google.inject_3.0.0.v201203062045.jar:na]
	at com.google.inject.internal.InjectorImpl.callInContext(InjectorImpl.java:1024) [com.google.inject_3.0.0.v201203062045.jar:na]
	at com.google.inject.internal.InternalInjectorCreator.loadEagerSingletons(InternalInjectorCreator.java:198) [com.google.inject_3.0.0.v201203062045.jar:na]
	at com.google.inject.internal.InternalInjectorCreator.injectDynamically(InternalInjectorCreator.java:179) [com.google.inject_3.0.0.v201203062045.jar:na]
	at com.google.inject.internal.InternalInjectorCreator.build(InternalInjectorCreator.java:109) [com.google.inject_3.0.0.v201203062045.jar:na]
	at com.google.inject.Guice.createInjector(Guice.java:95) [com.google.inject_3.0.0.v201203062045.jar:na]
	at com.google.inject.Guice.createInjector(Guice.java:72) [com.google.inject_3.0.0.v201203062045.jar:na]
	at org.eclipse.recommenders.injection.InjectionService.getInjector(InjectionService.java:47) [org.eclipse.recommenders.injection_1.0.3.v20130211-0152-b208.jar:na]
	at org.eclipse.recommenders.injection.ExtensionFactory.<init>(ExtensionFactory.java:28) [org.eclipse.recommenders.injection_1.0.3.v20130211-0152-b208.jar:na]
	at sun.reflect.NativeConstructorAccessorImpl.newInstance0(Native Method) [na:1.7.0_21]
	at sun.reflect.NativeConstructorAccessorImpl.newInstance(Unknown Source) [na:1.7.0_21]
	at sun.reflect.DelegatingConstructorAccessorImpl.newInstance(Unknown Source) [na:1.7.0_21]
	at java.lang.reflect.Constructor.newInstance(Unknown Source) [na:1.7.0_21]
	at java.lang.Class.newInstance0(Unknown Source) [na:1.7.0_21]
	at java.lang.Class.newInstance(Unknown Source) [na:1.7.0_21]
	at org.eclipse.core.internal.registry.osgi.RegistryStrategyOSGI.createExecutableExtension(RegistryStrategyOSGI.java:184) [org.eclipse.equinox.registry_3.5.200.v20120522-1841.jar:na]
	at org.eclipse.core.internal.registry.ExtensionRegistry.createExecutableExtension(ExtensionRegistry.java:905) [org.eclipse.equinox.registry_3.5.200.v20120522-1841.jar:na]
	at org.eclipse.core.internal.registry.ConfigurationElement.createExecutableExtension(ConfigurationElement.java:243) [org.eclipse.equinox.registry_3.5.200.v20120522-1841.jar:na]
	at org.eclipse.core.internal.registry.ConfigurationElementHandle.createExecutableExtension(ConfigurationElementHandle.java:55) [org.eclipse.equinox.registry_3.5.200.v20120522-1841.jar:na]
	at org.eclipse.jdt.internal.ui.text.java.CompletionProposalComputerDescriptor.createComputer(CompletionProposalComputerDescriptor.java:308) [org.eclipse.jdt.ui_3.8.2.v20130107-165834.jar:na]
	at org.eclipse.jdt.internal.ui.text.java.CompletionProposalComputerDescriptor.getComputer(CompletionProposalComputerDescriptor.java:275) [org.eclipse.jdt.ui_3.8.2.v20130107-165834.jar:na]
	at org.eclipse.jdt.internal.ui.text.java.CompletionProposalComputerDescriptor.sessionStarted(CompletionProposalComputerDescriptor.java:418) [org.eclipse.jdt.ui_3.8.2.v20130107-165834.jar:na]
	at org.eclipse.jdt.internal.ui.text.java.CompletionProposalCategory.sessionStarted(CompletionProposalCategory.java:389) [org.eclipse.jdt.ui_3.8.2.v20130107-165834.jar:na]
	at org.eclipse.jdt.internal.ui.text.java.ContentAssistProcessor$CompletionListener.assistSessionStarted(ContentAssistProcessor.java:119) [org.eclipse.jdt.ui_3.8.2.v20130107-165834.jar:na]
	at org.eclipse.jface.text.contentassist.ContentAssistant.fireSessionBeginEvent(ContentAssistant.java:2221) [org.eclipse.jface.text_3.8.2.v20121126-164145.jar:na]
	at org.eclipse.jface.text.contentassist.ContentAssistant.prepareToShowCompletions(ContentAssistant.java:1696) [org.eclipse.jface.text_3.8.2.v20121126-164145.jar:na]
	at org.eclipse.jface.text.contentassist.ContentAssistant.access$6(ContentAssistant.java:1687) [org.eclipse.jface.text_3.8.2.v20121126-164145.jar:na]
	at org.eclipse.jface.text.contentassist.ContentAssistant$2.run(ContentAssistant.java:376) [org.eclipse.jface.text_3.8.2.v20121126-164145.jar:na]
	at org.eclipse.swt.widgets.RunnableLock.run(RunnableLock.java:35) [org.eclipse.swt.win32.win32.x86_64_3.100.1.v4236b.jar:na]
	at org.eclipse.swt.widgets.Synchronizer.runAsyncMessages(Synchronizer.java:135) [org.eclipse.swt.win32.win32.x86_64_3.100.1.v4236b.jar:na]
	at org.eclipse.swt.widgets.Display.runAsyncMessages(Display.java:4144) [org.eclipse.swt.win32.win32.x86_64_3.100.1.v4236b.jar:na]
	at org.eclipse.swt.widgets.Display.readAndDispatch(Display.java:3761) [org.eclipse.swt.win32.win32.x86_64_3.100.1.v4236b.jar:na]
	at org.eclipse.e4.ui.internal.workbench.swt.PartRenderingEngine$9.run(PartRenderingEngine.java:1053) [org.eclipse.e4.ui.workbench.swt_0.10.3.v20130124-133900.jar:na]
	at org.eclipse.core.databinding.observable.Realm.runWithDefault(Realm.java:332) [org.eclipse.core.databinding.observable_1.4.1.v20120521-2329.jar:na]
	at org.eclipse.e4.ui.internal.workbench.swt.PartRenderingEngine.run(PartRenderingEngine.java:942) [org.eclipse.e4.ui.workbench.swt_0.10.3.v20130124-133900.jar:na]
	at org.eclipse.e4.ui.internal.workbench.E4Workbench.createAndRunUI(E4Workbench.java:86) [org.eclipse.e4.ui.workbench_0.11.0.v20130125-100758.jar:na]
	at org.eclipse.ui.internal.Workbench$5.run(Workbench.java:588) [org.eclipse.ui.workbench_3.104.0.v20130204-164612.jar:na]
	at org.eclipse.core.databinding.observable.Realm.runWithDefault(Realm.java:332) [org.eclipse.core.databinding.observable_1.4.1.v20120521-2329.jar:na]
	at org.eclipse.ui.internal.Workbench.createAndRunWorkbench(Workbench.java:543) [org.eclipse.ui.workbench_3.104.0.v20130204-164612.jar:na]
	at org.eclipse.ui.PlatformUI.createAndRunWorkbench(PlatformUI.java:149) [org.eclipse.ui.workbench_3.104.0.v20130204-164612.jar:na]
	at org.eclipse.ui.internal.ide.application.IDEApplication.start(IDEApplication.java:124) [org.eclipse.ui.ide.application_1.0.400.v20120523-1955.jar:na]
	at org.eclipse.equinox.internal.app.EclipseAppHandle.run(EclipseAppHandle.java:196) [org.eclipse.equinox.app_1.3.100.v20120522-1841.jar:na]
	at org.eclipse.core.runtime.internal.adaptor.EclipseAppLauncher.runApplication(EclipseAppLauncher.java:110) [org.eclipse.osgi_3.8.2.v20130124-134944.jar:na]
	at org.eclipse.core.runtime.internal.adaptor.EclipseAppLauncher.start(EclipseAppLauncher.java:79) [org.eclipse.osgi_3.8.2.v20130124-134944.jar:na]
	at org.eclipse.core.runtime.adaptor.EclipseStarter.run(EclipseStarter.java:353) [org.eclipse.osgi_3.8.2.v20130124-134944.jar:na]
	at org.eclipse.core.runtime.adaptor.EclipseStarter.run(EclipseStarter.java:180) [org.eclipse.osgi_3.8.2.v20130124-134944.jar:na]
	at sun.reflect.NativeMethodAccessorImpl.invoke0(Native Method) ~[na:1.7.0_21]
	at sun.reflect.NativeMethodAccessorImpl.invoke(Unknown Source) ~[na:1.7.0_21]
	at sun.reflect.DelegatingMethodAccessorImpl.invoke(Unknown Source) ~[na:1.7.0_21]
	at java.lang.reflect.Method.invoke(Unknown Source) ~[na:1.7.0_21]
	at org.eclipse.equinox.launcher.Main.invokeFramework(Main.java:629) [org.eclipse.equinox.launcher_1.3.0.v20120522-1813.jar:na]
	at org.eclipse.equinox.launcher.Main.basicRun(Main.java:584) [org.eclipse.equinox.launcher_1.3.0.v20120522-1813.jar:na]
	at org.eclipse.equinox.launcher.Main.run(Main.java:1438) [org.eclipse.equinox.launcher_1.3.0.v20120522-1813.jar:na]
	at org.eclipse.equinox.launcher.Main.main(Main.java:1414) [org.eclipse.equinox.launcher_1.3.0.v20120522-1813.jar:na]
2014-05-09 11:27:32,928 [main] INFO  c.n.h.c.p.n.NettyAsyncHttpProvider - Number of application's worked threads is 16
2014-05-09 11:27:33,359 [pool-4-thread-1] INFO  c.n.h.c.p.n.NettyAsyncHttpProvider - Number of application's worked threads is 16
2014-05-09 11:27:33,968 [main] ERROR o.e.r.i.r.repo.ModelRepositoryIndex - Failed to open search index.
org.apache.lucene.index.IndexNotFoundException: no segments* file found in org.apache.lucene.store.MMapDirectory@X:\Coding\Trampoline\ScoringSystem\.metadata\.plugins\org.eclipse.recommenders.rcp\index lockFactory=org.apache.lucene.store.NativeFSLockFactory@7aa7be43: files: []
	at org.apache.lucene.index.SegmentInfos$FindSegmentsFile.run(SegmentInfos.java:712) ~[org.apache.lucene.core_3.5.0.v20120319-2345.jar:3.5.0 1204988 - simon - 2011-11-22 14:46:51]
	at org.apache.lucene.index.DirectoryReader.open(DirectoryReader.java:75) ~[org.apache.lucene.core_3.5.0.v20120319-2345.jar:3.5.0 1204988 - simon - 2011-11-22 14:46:51]
	at org.apache.lucene.index.IndexReader.open(IndexReader.java:462) ~[org.apache.lucene.core_3.5.0.v20120319-2345.jar:3.5.0 1204988 - simon - 2011-11-22 14:46:51]
	at org.apache.lucene.index.IndexReader.open(IndexReader.java:308) ~[org.apache.lucene.core_3.5.0.v20120319-2345.jar:3.5.0 1204988 - simon - 2011-11-22 14:46:51]
	at org.eclipse.recommenders.internal.rcp.repo.ModelRepositoryIndex.open(ModelRepositoryIndex.java:64) ~[org.eclipse.recommenders.rcp_1.0.3.v20130211-0152-b208.jar:na]
	at org.eclipse.recommenders.internal.rcp.wiring.RecommendersModule$ServicesInitializer.<init>(RecommendersModule.java:377) [org.eclipse.recommenders.rcp_1.0.3.v20130211-0152-b208.jar:na]
	at sun.reflect.NativeConstructorAccessorImpl.newInstance0(Native Method) [na:1.7.0_21]
	at sun.reflect.NativeConstructorAccessorImpl.newInstance(Unknown Source) [na:1.7.0_21]
	at sun.reflect.DelegatingConstructorAccessorImpl.newInstance(Unknown Source) [na:1.7.0_21]
	at java.lang.reflect.Constructor.newInstance(Unknown Source) [na:1.7.0_21]
	at com.google.inject.internal.DefaultConstructionProxyFactory$1.newInstance(DefaultConstructionProxyFactory.java:85) [com.google.inject_3.0.0.v201203062045.jar:na]
	at com.google.inject.internal.ConstructorInjector.construct(ConstructorInjector.java:85) [com.google.inject_3.0.0.v201203062045.jar:na]
	at com.google.inject.internal.ConstructorBindingImpl$Factory.get(ConstructorBindingImpl.java:254) [com.google.inject_3.0.0.v201203062045.jar:na]
	at com.google.inject.internal.ProviderToInternalFactoryAdapter$1.call(ProviderToInternalFactoryAdapter.java:46) [com.google.inject_3.0.0.v201203062045.jar:na]
	at com.google.inject.internal.InjectorImpl.callInContext(InjectorImpl.java:1031) [com.google.inject_3.0.0.v201203062045.jar:na]
	at com.google.inject.internal.ProviderToInternalFactoryAdapter.get(ProviderToInternalFactoryAdapter.java:40) [com.google.inject_3.0.0.v201203062045.jar:na]
	at com.google.inject.Scopes$1$1.get(Scopes.java:65) [com.google.inject_3.0.0.v201203062045.jar:na]
	at com.google.inject.internal.InternalFactoryToProviderAdapter.get(InternalFactoryToProviderAdapter.java:40) [com.google.inject_3.0.0.v201203062045.jar:na]
	at com.google.inject.internal.InternalInjectorCreator$1.call(InternalInjectorCreator.java:204) [com.google.inject_3.0.0.v201203062045.jar:na]
	at com.google.inject.internal.InternalInjectorCreator$1.call(InternalInjectorCreator.java:198) [com.google.inject_3.0.0.v201203062045.jar:na]
	at com.google.inject.internal.InjectorImpl.callInContext(InjectorImpl.java:1024) [com.google.inject_3.0.0.v201203062045.jar:na]
	at com.google.inject.internal.InternalInjectorCreator.loadEagerSingletons(InternalInjectorCreator.java:198) [com.google.inject_3.0.0.v201203062045.jar:na]
	at com.google.inject.internal.InternalInjectorCreator.injectDynamically(InternalInjectorCreator.java:179) [com.google.inject_3.0.0.v201203062045.jar:na]
	at com.google.inject.internal.InternalInjectorCreator.build(InternalInjectorCreator.java:109) [com.google.inject_3.0.0.v201203062045.jar:na]
	at com.google.inject.Guice.createInjector(Guice.java:95) [com.google.inject_3.0.0.v201203062045.jar:na]
	at com.google.inject.Guice.createInjector(Guice.java:72) [com.google.inject_3.0.0.v201203062045.jar:na]
	at org.eclipse.recommenders.injection.InjectionService.getInjector(InjectionService.java:47) [org.eclipse.recommenders.injection_1.0.3.v20130211-0152-b208.jar:na]
	at org.eclipse.recommenders.injection.ExtensionFactory.<init>(ExtensionFactory.java:28) [org.eclipse.recommenders.injection_1.0.3.v20130211-0152-b208.jar:na]
	at sun.reflect.NativeConstructorAccessorImpl.newInstance0(Native Method) [na:1.7.0_21]
	at sun.reflect.NativeConstructorAccessorImpl.newInstance(Unknown Source) [na:1.7.0_21]
	at sun.reflect.DelegatingConstructorAccessorImpl.newInstance(Unknown Source) [na:1.7.0_21]
	at java.lang.reflect.Constructor.newInstance(Unknown Source) [na:1.7.0_21]
	at java.lang.Class.newInstance0(Unknown Source) [na:1.7.0_21]
	at java.lang.Class.newInstance(Unknown Source) [na:1.7.0_21]
	at org.eclipse.core.internal.registry.osgi.RegistryStrategyOSGI.createExecutableExtension(RegistryStrategyOSGI.java:184) [org.eclipse.equinox.registry_3.5.200.v20120522-1841.jar:na]
	at org.eclipse.core.internal.registry.ExtensionRegistry.createExecutableExtension(ExtensionRegistry.java:905) [org.eclipse.equinox.registry_3.5.200.v20120522-1841.jar:na]
	at org.eclipse.core.internal.registry.ConfigurationElement.createExecutableExtension(ConfigurationElement.java:243) [org.eclipse.equinox.registry_3.5.200.v20120522-1841.jar:na]
	at org.eclipse.core.internal.registry.ConfigurationElementHandle.createExecutableExtension(ConfigurationElementHandle.java:55) [org.eclipse.equinox.registry_3.5.200.v20120522-1841.jar:na]
	at org.eclipse.jdt.internal.ui.text.java.CompletionProposalComputerDescriptor.createComputer(CompletionProposalComputerDescriptor.java:308) [org.eclipse.jdt.ui_3.8.2.v20130107-165834.jar:na]
	at org.eclipse.jdt.internal.ui.text.java.CompletionProposalComputerDescriptor.getComputer(CompletionProposalComputerDescriptor.java:275) [org.eclipse.jdt.ui_3.8.2.v20130107-165834.jar:na]
	at org.eclipse.jdt.internal.ui.text.java.CompletionProposalComputerDescriptor.sessionStarted(CompletionProposalComputerDescriptor.java:418) [org.eclipse.jdt.ui_3.8.2.v20130107-165834.jar:na]
	at org.eclipse.jdt.internal.ui.text.java.CompletionProposalCategory.sessionStarted(CompletionProposalCategory.java:389) [org.eclipse.jdt.ui_3.8.2.v20130107-165834.jar:na]
	at org.eclipse.jdt.internal.ui.text.java.ContentAssistProcessor$CompletionListener.assistSessionStarted(ContentAssistProcessor.java:119) [org.eclipse.jdt.ui_3.8.2.v20130107-165834.jar:na]
	at org.eclipse.jface.text.contentassist.ContentAssistant.fireSessionBeginEvent(ContentAssistant.java:2221) [org.eclipse.jface.text_3.8.2.v20121126-164145.jar:na]
	at org.eclipse.jface.text.contentassist.ContentAssistant.prepareToShowCompletions(ContentAssistant.java:1696) [org.eclipse.jface.text_3.8.2.v20121126-164145.jar:na]
	at org.eclipse.jface.text.contentassist.ContentAssistant.showPossibleCompletions(ContentAssistant.java:1661) [org.eclipse.jface.text_3.8.2.v20121126-164145.jar:na]
	at org.eclipse.jdt.internal.ui.javaeditor.CompilationUnitEditor$AdaptedSourceViewer.doOperation(CompilationUnitEditor.java:183) [org.eclipse.jdt.ui_3.8.2.v20130107-165834.jar:na]
	at org.eclipse.ui.texteditor.ContentAssistAction$1.run(ContentAssistAction.java:82) [org.eclipse.ui.workbench.texteditor_3.8.0.v20120523-1310.jar:na]
	at org.eclipse.swt.custom.BusyIndicator.showWhile(BusyIndicator.java:70) [org.eclipse.swt.win32.win32.x86_64_3.100.1.v4236b.jar:na]
	at org.eclipse.ui.texteditor.ContentAssistAction.run(ContentAssistAction.java:80) [org.eclipse.ui.workbench.texteditor_3.8.0.v20120523-1310.jar:na]
	at org.eclipse.jface.action.Action.runWithEvent(Action.java:498) [org.eclipse.jface_3.8.102.v20130123-162658.jar:na]
	at org.eclipse.jface.commands.ActionHandler.execute(ActionHandler.java:119) [org.eclipse.jface_3.8.102.v20130123-162658.jar:na]
	at org.eclipse.ui.internal.handlers.E4HandlerProxy.execute(E4HandlerProxy.java:76) [org.eclipse.ui.workbench_3.104.0.v20130204-164612.jar:na]
	at sun.reflect.NativeMethodAccessorImpl.invoke0(Native Method) ~[na:1.7.0_21]
	at sun.reflect.NativeMethodAccessorImpl.invoke(Unknown Source) ~[na:1.7.0_21]
	at sun.reflect.DelegatingMethodAccessorImpl.invoke(Unknown Source) ~[na:1.7.0_21]
	at java.lang.reflect.Method.invoke(Unknown Source) ~[na:1.7.0_21]
	at org.eclipse.e4.core.internal.di.MethodRequestor.execute(MethodRequestor.java:56) [org.eclipse.e4.core.di_1.2.0.v20121024-173149.jar:na]
	at org.eclipse.e4.core.internal.di.InjectorImpl.invokeUsingClass(InjectorImpl.java:231) [org.eclipse.e4.core.di_1.2.0.v20121024-173149.jar:na]
	at org.eclipse.e4.core.internal.di.InjectorImpl.invoke(InjectorImpl.java:212) [org.eclipse.e4.core.di_1.2.0.v20121024-173149.jar:na]
	at org.eclipse.e4.core.contexts.ContextInjectionFactory.invoke(ContextInjectionFactory.java:131) [org.eclipse.e4.core.contexts_1.2.0.v20121221-192508.jar:na]
	at org.eclipse.e4.core.commands.internal.HandlerServiceImpl.executeHandler(HandlerServiceImpl.java:171) [org.eclipse.e4.core.commands_0.10.1.v20120523-1955.jar:na]
	at org.eclipse.e4.ui.bindings.keys.KeyBindingDispatcher.executeCommand(KeyBindingDispatcher.java:277) [org.eclipse.e4.ui.bindings_0.10.3.v20130123-162658.jar:na]
	at org.eclipse.e4.ui.bindings.keys.KeyBindingDispatcher.press(KeyBindingDispatcher.java:496) [org.eclipse.e4.ui.bindings_0.10.3.v20130123-162658.jar:na]
	at org.eclipse.e4.ui.bindings.keys.KeyBindingDispatcher.processKeyEvent(KeyBindingDispatcher.java:547) [org.eclipse.e4.ui.bindings_0.10.3.v20130123-162658.jar:na]
	at org.eclipse.e4.ui.bindings.keys.KeyBindingDispatcher.filterKeySequenceBindings(KeyBindingDispatcher.java:368) [org.eclipse.e4.ui.bindings_0.10.3.v20130123-162658.jar:na]
	at org.eclipse.e4.ui.bindings.keys.KeyBindingDispatcher.access$0(KeyBindingDispatcher.java:314) [org.eclipse.e4.ui.bindings_0.10.3.v20130123-162658.jar:na]
	at org.eclipse.e4.ui.bindings.keys.KeyBindingDispatcher$KeyDownFilter.handleEvent(KeyBindingDispatcher.java:83) [org.eclipse.e4.ui.bindings_0.10.3.v20130123-162658.jar:na]
	at org.eclipse.swt.widgets.EventTable.sendEvent(EventTable.java:84) [org.eclipse.swt.win32.win32.x86_64_3.100.1.v4236b.jar:na]
	at org.eclipse.swt.widgets.Display.filterEvent(Display.java:1262) [org.eclipse.swt.win32.win32.x86_64_3.100.1.v4236b.jar:na]
	at org.eclipse.swt.widgets.Widget.sendEvent(Widget.java:1052) [org.eclipse.swt.win32.win32.x86_64_3.100.1.v4236b.jar:na]
	at org.eclipse.swt.widgets.Widget.sendEvent(Widget.java:1077) [org.eclipse.swt.win32.win32.x86_64_3.100.1.v4236b.jar:na]
	at org.eclipse.swt.widgets.Widget.sendEvent(Widget.java:1062) [org.eclipse.swt.win32.win32.x86_64_3.100.1.v4236b.jar:na]
	at org.eclipse.swt.widgets.Widget.sendKeyEvent(Widget.java:1104) [org.eclipse.swt.win32.win32.x86_64_3.100.1.v4236b.jar:na]
	at org.eclipse.swt.widgets.Widget.sendKeyEvent(Widget.java:1100) [org.eclipse.swt.win32.win32.x86_64_3.100.1.v4236b.jar:na]
	at org.eclipse.swt.widgets.Widget.wmChar(Widget.java:1521) [org.eclipse.swt.win32.win32.x86_64_3.100.1.v4236b.jar:na]
	at org.eclipse.swt.widgets.Control.WM_CHAR(Control.java:4640) [org.eclipse.swt.win32.win32.x86_64_3.100.1.v4236b.jar:na]
	at org.eclipse.swt.widgets.Canvas.WM_CHAR(Canvas.java:345) [org.eclipse.swt.win32.win32.x86_64_3.100.1.v4236b.jar:na]
	at org.eclipse.swt.widgets.Control.windowProc(Control.java:4528) [org.eclipse.swt.win32.win32.x86_64_3.100.1.v4236b.jar:na]
	at org.eclipse.swt.widgets.Canvas.windowProc(Canvas.java:341) [org.eclipse.swt.win32.win32.x86_64_3.100.1.v4236b.jar:na]
	at org.eclipse.swt.widgets.Display.windowProc(Display.java:4976) [org.eclipse.swt.win32.win32.x86_64_3.100.1.v4236b.jar:na]
	at org.eclipse.swt.internal.win32.OS.DispatchMessageW(Native Method) [org.eclipse.swt.win32.win32.x86_64_3.100.1.v4236b.jar:na]
	at org.eclipse.swt.internal.win32.OS.DispatchMessage(OS.java:2546) [org.eclipse.swt.win32.win32.x86_64_3.100.1.v4236b.jar:na]
	at org.eclipse.swt.widgets.Display.readAndDispatch(Display.java:3756) [org.eclipse.swt.win32.win32.x86_64_3.100.1.v4236b.jar:na]
	at org.eclipse.e4.ui.internal.workbench.swt.PartRenderingEngine$9.run(PartRenderingEngine.java:1053) [org.eclipse.e4.ui.workbench.swt_0.10.3.v20130124-133900.jar:na]
	at org.eclipse.core.databinding.observable.Realm.runWithDefault(Realm.java:332) [org.eclipse.core.databinding.observable_1.4.1.v20120521-2329.jar:na]
	at org.eclipse.e4.ui.internal.workbench.swt.PartRenderingEngine.run(PartRenderingEngine.java:942) [org.eclipse.e4.ui.workbench.swt_0.10.3.v20130124-133900.jar:na]
	at org.eclipse.e4.ui.internal.workbench.E4Workbench.createAndRunUI(E4Workbench.java:86) [org.eclipse.e4.ui.workbench_0.11.0.v20130125-100758.jar:na]
	at org.eclipse.ui.internal.Workbench$5.run(Workbench.java:588) [org.eclipse.ui.workbench_3.104.0.v20130204-164612.jar:na]
	at org.eclipse.core.databinding.observable.Realm.runWithDefault(Realm.java:332) [org.eclipse.core.databinding.observable_1.4.1.v20120521-2329.jar:na]
	at org.eclipse.ui.internal.Workbench.createAndRunWorkbench(Workbench.java:543) [org.eclipse.ui.workbench_3.104.0.v20130204-164612.jar:na]
	at org.eclipse.ui.PlatformUI.createAndRunWorkbench(PlatformUI.java:149) [org.eclipse.ui.workbench_3.104.0.v20130204-164612.jar:na]
	at org.eclipse.ui.internal.ide.application.IDEApplication.start(IDEApplication.java:124) [org.eclipse.ui.ide.application_1.0.400.v20120523-1955.jar:na]
	at org.eclipse.equinox.internal.app.EclipseAppHandle.run(EclipseAppHandle.java:196) [org.eclipse.equinox.app_1.3.100.v20120522-1841.jar:na]
	at org.eclipse.core.runtime.internal.adaptor.EclipseAppLauncher.runApplication(EclipseAppLauncher.java:110) [org.eclipse.osgi_3.8.2.v20130124-134944.jar:na]
	at org.eclipse.core.runtime.internal.adaptor.EclipseAppLauncher.start(EclipseAppLauncher.java:79) [org.eclipse.osgi_3.8.2.v20130124-134944.jar:na]
	at org.eclipse.core.runtime.adaptor.EclipseStarter.run(EclipseStarter.java:353) [org.eclipse.osgi_3.8.2.v20130124-134944.jar:na]
	at org.eclipse.core.runtime.adaptor.EclipseStarter.run(EclipseStarter.java:180) [org.eclipse.osgi_3.8.2.v20130124-134944.jar:na]
	at sun.reflect.NativeMethodAccessorImpl.invoke0(Native Method) ~[na:1.7.0_21]
	at sun.reflect.NativeMethodAccessorImpl.invoke(Unknown Source) ~[na:1.7.0_21]
	at sun.reflect.DelegatingMethodAccessorImpl.invoke(Unknown Source) ~[na:1.7.0_21]
	at java.lang.reflect.Method.invoke(Unknown Source) ~[na:1.7.0_21]
	at org.eclipse.equinox.launcher.Main.invokeFramework(Main.java:629) [org.eclipse.equinox.launcher_1.3.0.v20120522-1813.jar:na]
	at org.eclipse.equinox.launcher.Main.basicRun(Main.java:584) [org.eclipse.equinox.launcher_1.3.0.v20120522-1813.jar:na]
	at org.eclipse.equinox.launcher.Main.run(Main.java:1438) [org.eclipse.equinox.launcher_1.3.0.v20120522-1813.jar:na]
	at org.eclipse.equinox.launcher.Main.main(Main.java:1414) [org.eclipse.equinox.launcher_1.3.0.v20120522-1813.jar:na]
2014-05-09 11:27:34,004 [Worker-2] WARN  o.e.r.i.rcp.repo.ModelRepository - 'remote-models (http://download.eclipse.org/recommenders/models/juno/, releases+snapshots)' did not send ETAG header for 'org.eclipse.recommenders:index:pom:0.0.0'.
2014-05-09 11:27:34,007 [Worker-2] WARN  o.e.r.i.r.repo.UpdateModelIndexJob - Couldn't download search index. No (direct) internet connection? Need a proxy?
java.lang.NullPointerException: null
	at org.sonatype.aether.impl.internal.DefaultRepositorySystem.resolveDependencies(DefaultRepositorySystem.java:352) ~[aether-impl-1.13.1.jar:na]
	at org.eclipse.recommenders.internal.rcp.repo.ModelRepository.resolve(ModelRepository.java:224) ~[org.eclipse.recommenders.rcp_1.0.3.v20130211-0152-b208.jar:na]
	at org.eclipse.recommenders.internal.rcp.repo.UpdateModelIndexJob.downloadAndUnzipIndex(UpdateModelIndexJob.java:68) [org.eclipse.recommenders.rcp_1.0.3.v20130211-0152-b208.jar:na]
	at org.eclipse.recommenders.internal.rcp.repo.UpdateModelIndexJob.run(UpdateModelIndexJob.java:46) [org.eclipse.recommenders.rcp_1.0.3.v20130211-0152-b208.jar:na]
	at org.eclipse.core.internal.jobs.Worker.run(Worker.java:53) [org.eclipse.core.jobs_3.5.300.v20120912-155018.jar:na]
2014-05-09 11:27:34,008 [Worker-2] ERROR o.e.r.i.r.repo.ModelRepositoryIndex - Failed to open search index.
org.apache.lucene.index.IndexNotFoundException: no segments* file found in org.apache.lucene.store.MMapDirectory@X:\Coding\Trampoline\ScoringSystem\.metadata\.plugins\org.eclipse.recommenders.rcp\index lockFactory=org.apache.lucene.store.NativeFSLockFactory@11070337: files: []
	at org.apache.lucene.index.SegmentInfos$FindSegmentsFile.run(SegmentInfos.java:712) ~[org.apache.lucene.core_3.5.0.v20120319-2345.jar:3.5.0 1204988 - simon - 2011-11-22 14:46:51]
	at org.apache.lucene.index.DirectoryReader.open(DirectoryReader.java:75) ~[org.apache.lucene.core_3.5.0.v20120319-2345.jar:3.5.0 1204988 - simon - 2011-11-22 14:46:51]
	at org.apache.lucene.index.IndexReader.open(IndexReader.java:462) ~[org.apache.lucene.core_3.5.0.v20120319-2345.jar:3.5.0 1204988 - simon - 2011-11-22 14:46:51]
	at org.apache.lucene.index.IndexReader.open(IndexReader.java:308) ~[org.apache.lucene.core_3.5.0.v20120319-2345.jar:3.5.0 1204988 - simon - 2011-11-22 14:46:51]
	at org.eclipse.recommenders.internal.rcp.repo.ModelRepositoryIndex.open(ModelRepositoryIndex.java:64) ~[org.eclipse.recommenders.rcp_1.0.3.v20130211-0152-b208.jar:na]
	at org.eclipse.recommenders.internal.rcp.repo.UpdateModelIndexJob.run(UpdateModelIndexJob.java:55) [org.eclipse.recommenders.rcp_1.0.3.v20130211-0152-b208.jar:na]
	at org.eclipse.core.internal.jobs.Worker.run(Worker.java:53) [org.eclipse.core.jobs_3.5.300.v20120912-155018.jar:na]
2014-05-12 23:14:56,499 [Start Help Server] INFO  org.eclipse.jetty.server.Server - jetty-8.1.3.v20120522
2014-05-12 23:14:56,764 [Start Help Server] INFO  o.e.jetty.server.AbstractConnector - Started SelectChannelConnector@127.0.0.1:54887
2014-05-12 23:45:51,108 [Stop Help Server] INFO  o.e.j.server.handler.ContextHandler - stopped o.e.j.s.ServletContextHandler{/help,null}
2014-05-13 08:55:52,510 [main] INFO  c.n.h.c.p.n.NettyAsyncHttpProvider - Number of application's worked threads is 16
2014-05-13 08:55:53,461 [pool-4-thread-1] INFO  c.n.h.c.p.n.NettyAsyncHttpProvider - Number of application's worked threads is 16
2014-05-13 08:55:54,178 [main] ERROR o.e.r.i.r.repo.ModelRepositoryIndex - Failed to open search index.
org.apache.lucene.index.IndexNotFoundException: no segments* file found in org.apache.lucene.store.MMapDirectory@X:\Coding\Trampoline\ScoringSystem\.metadata\.plugins\org.eclipse.recommenders.rcp\index lockFactory=org.apache.lucene.store.NativeFSLockFactory@33584bfc: files: []
	at org.apache.lucene.index.SegmentInfos$FindSegmentsFile.run(SegmentInfos.java:712) ~[org.apache.lucene.core_3.5.0.v20120319-2345.jar:3.5.0 1204988 - simon - 2011-11-22 14:46:51]
	at org.apache.lucene.index.DirectoryReader.open(DirectoryReader.java:75) ~[org.apache.lucene.core_3.5.0.v20120319-2345.jar:3.5.0 1204988 - simon - 2011-11-22 14:46:51]
	at org.apache.lucene.index.IndexReader.open(IndexReader.java:462) ~[org.apache.lucene.core_3.5.0.v20120319-2345.jar:3.5.0 1204988 - simon - 2011-11-22 14:46:51]
	at org.apache.lucene.index.IndexReader.open(IndexReader.java:308) ~[org.apache.lucene.core_3.5.0.v20120319-2345.jar:3.5.0 1204988 - simon - 2011-11-22 14:46:51]
	at org.eclipse.recommenders.internal.rcp.repo.ModelRepositoryIndex.open(ModelRepositoryIndex.java:64) ~[org.eclipse.recommenders.rcp_1.0.3.v20130211-0152-b208.jar:na]
	at org.eclipse.recommenders.internal.rcp.wiring.RecommendersModule$ServicesInitializer.<init>(RecommendersModule.java:377) [org.eclipse.recommenders.rcp_1.0.3.v20130211-0152-b208.jar:na]
	at sun.reflect.NativeConstructorAccessorImpl.newInstance0(Native Method) [na:1.7.0_21]
	at sun.reflect.NativeConstructorAccessorImpl.newInstance(Unknown Source) [na:1.7.0_21]
	at sun.reflect.DelegatingConstructorAccessorImpl.newInstance(Unknown Source) [na:1.7.0_21]
	at java.lang.reflect.Constructor.newInstance(Unknown Source) [na:1.7.0_21]
	at com.google.inject.internal.DefaultConstructionProxyFactory$1.newInstance(DefaultConstructionProxyFactory.java:85) [com.google.inject_3.0.0.v201203062045.jar:na]
	at com.google.inject.internal.ConstructorInjector.construct(ConstructorInjector.java:85) [com.google.inject_3.0.0.v201203062045.jar:na]
	at com.google.inject.internal.ConstructorBindingImpl$Factory.get(ConstructorBindingImpl.java:254) [com.google.inject_3.0.0.v201203062045.jar:na]
	at com.google.inject.internal.ProviderToInternalFactoryAdapter$1.call(ProviderToInternalFactoryAdapter.java:46) [com.google.inject_3.0.0.v201203062045.jar:na]
	at com.google.inject.internal.InjectorImpl.callInContext(InjectorImpl.java:1031) [com.google.inject_3.0.0.v201203062045.jar:na]
	at com.google.inject.internal.ProviderToInternalFactoryAdapter.get(ProviderToInternalFactoryAdapter.java:40) [com.google.inject_3.0.0.v201203062045.jar:na]
	at com.google.inject.Scopes$1$1.get(Scopes.java:65) [com.google.inject_3.0.0.v201203062045.jar:na]
	at com.google.inject.internal.InternalFactoryToProviderAdapter.get(InternalFactoryToProviderAdapter.java:40) [com.google.inject_3.0.0.v201203062045.jar:na]
	at com.google.inject.internal.InternalInjectorCreator$1.call(InternalInjectorCreator.java:204) [com.google.inject_3.0.0.v201203062045.jar:na]
	at com.google.inject.internal.InternalInjectorCreator$1.call(InternalInjectorCreator.java:198) [com.google.inject_3.0.0.v201203062045.jar:na]
	at com.google.inject.internal.InjectorImpl.callInContext(InjectorImpl.java:1024) [com.google.inject_3.0.0.v201203062045.jar:na]
	at com.google.inject.internal.InternalInjectorCreator.loadEagerSingletons(InternalInjectorCreator.java:198) [com.google.inject_3.0.0.v201203062045.jar:na]
	at com.google.inject.internal.InternalInjectorCreator.injectDynamically(InternalInjectorCreator.java:179) [com.google.inject_3.0.0.v201203062045.jar:na]
	at com.google.inject.internal.InternalInjectorCreator.build(InternalInjectorCreator.java:109) [com.google.inject_3.0.0.v201203062045.jar:na]
	at com.google.inject.Guice.createInjector(Guice.java:95) [com.google.inject_3.0.0.v201203062045.jar:na]
	at com.google.inject.Guice.createInjector(Guice.java:72) [com.google.inject_3.0.0.v201203062045.jar:na]
	at org.eclipse.recommenders.injection.InjectionService.getInjector(InjectionService.java:47) [org.eclipse.recommenders.injection_1.0.3.v20130211-0152-b208.jar:na]
	at org.eclipse.recommenders.injection.ExtensionFactory.<init>(ExtensionFactory.java:28) [org.eclipse.recommenders.injection_1.0.3.v20130211-0152-b208.jar:na]
	at sun.reflect.NativeConstructorAccessorImpl.newInstance0(Native Method) [na:1.7.0_21]
	at sun.reflect.NativeConstructorAccessorImpl.newInstance(Unknown Source) [na:1.7.0_21]
	at sun.reflect.DelegatingConstructorAccessorImpl.newInstance(Unknown Source) [na:1.7.0_21]
	at java.lang.reflect.Constructor.newInstance(Unknown Source) [na:1.7.0_21]
	at java.lang.Class.newInstance0(Unknown Source) [na:1.7.0_21]
	at java.lang.Class.newInstance(Unknown Source) [na:1.7.0_21]
	at org.eclipse.core.internal.registry.osgi.RegistryStrategyOSGI.createExecutableExtension(RegistryStrategyOSGI.java:184) [org.eclipse.equinox.registry_3.5.200.v20120522-1841.jar:na]
	at org.eclipse.core.internal.registry.ExtensionRegistry.createExecutableExtension(ExtensionRegistry.java:905) [org.eclipse.equinox.registry_3.5.200.v20120522-1841.jar:na]
	at org.eclipse.core.internal.registry.ConfigurationElement.createExecutableExtension(ConfigurationElement.java:243) [org.eclipse.equinox.registry_3.5.200.v20120522-1841.jar:na]
	at org.eclipse.core.internal.registry.ConfigurationElementHandle.createExecutableExtension(ConfigurationElementHandle.java:55) [org.eclipse.equinox.registry_3.5.200.v20120522-1841.jar:na]
	at org.eclipse.jdt.internal.ui.text.java.CompletionProposalComputerDescriptor.createComputer(CompletionProposalComputerDescriptor.java:308) [org.eclipse.jdt.ui_3.8.2.v20130107-165834.jar:na]
	at org.eclipse.jdt.internal.ui.text.java.CompletionProposalComputerDescriptor.getComputer(CompletionProposalComputerDescriptor.java:275) [org.eclipse.jdt.ui_3.8.2.v20130107-165834.jar:na]
	at org.eclipse.jdt.internal.ui.text.java.CompletionProposalComputerDescriptor.sessionStarted(CompletionProposalComputerDescriptor.java:418) [org.eclipse.jdt.ui_3.8.2.v20130107-165834.jar:na]
	at org.eclipse.jdt.internal.ui.text.java.CompletionProposalCategory.sessionStarted(CompletionProposalCategory.java:389) [org.eclipse.jdt.ui_3.8.2.v20130107-165834.jar:na]
	at org.eclipse.jdt.internal.ui.text.java.ContentAssistProcessor$CompletionListener.assistSessionStarted(ContentAssistProcessor.java:119) [org.eclipse.jdt.ui_3.8.2.v20130107-165834.jar:na]
	at org.eclipse.jface.text.contentassist.ContentAssistant.fireSessionBeginEvent(ContentAssistant.java:2221) [org.eclipse.jface.text_3.8.2.v20121126-164145.jar:na]
	at org.eclipse.jface.text.contentassist.ContentAssistant.prepareToShowCompletions(ContentAssistant.java:1696) [org.eclipse.jface.text_3.8.2.v20121126-164145.jar:na]
	at org.eclipse.jface.text.contentassist.ContentAssistant.showPossibleCompletions(ContentAssistant.java:1661) [org.eclipse.jface.text_3.8.2.v20121126-164145.jar:na]
	at org.eclipse.jdt.internal.ui.javaeditor.CompilationUnitEditor$AdaptedSourceViewer.doOperation(CompilationUnitEditor.java:183) [org.eclipse.jdt.ui_3.8.2.v20130107-165834.jar:na]
	at org.eclipse.ui.texteditor.ContentAssistAction$1.run(ContentAssistAction.java:82) [org.eclipse.ui.workbench.texteditor_3.8.0.v20120523-1310.jar:na]
	at org.eclipse.swt.custom.BusyIndicator.showWhile(BusyIndicator.java:70) [org.eclipse.swt.win32.win32.x86_64_3.100.1.v4236b.jar:na]
	at org.eclipse.ui.texteditor.ContentAssistAction.run(ContentAssistAction.java:80) [org.eclipse.ui.workbench.texteditor_3.8.0.v20120523-1310.jar:na]
	at org.eclipse.jface.action.Action.runWithEvent(Action.java:498) [org.eclipse.jface_3.8.102.v20130123-162658.jar:na]
	at org.eclipse.jface.commands.ActionHandler.execute(ActionHandler.java:119) [org.eclipse.jface_3.8.102.v20130123-162658.jar:na]
	at org.eclipse.ui.internal.handlers.E4HandlerProxy.execute(E4HandlerProxy.java:76) [org.eclipse.ui.workbench_3.104.0.v20130204-164612.jar:na]
	at sun.reflect.GeneratedMethodAccessor30.invoke(Unknown Source) ~[na:na]
	at sun.reflect.DelegatingMethodAccessorImpl.invoke(Unknown Source) ~[na:1.7.0_21]
	at java.lang.reflect.Method.invoke(Unknown Source) ~[na:1.7.0_21]
	at org.eclipse.e4.core.internal.di.MethodRequestor.execute(MethodRequestor.java:56) [org.eclipse.e4.core.di_1.2.0.v20121024-173149.jar:na]
	at org.eclipse.e4.core.internal.di.InjectorImpl.invokeUsingClass(InjectorImpl.java:231) [org.eclipse.e4.core.di_1.2.0.v20121024-173149.jar:na]
	at org.eclipse.e4.core.internal.di.InjectorImpl.invoke(InjectorImpl.java:212) [org.eclipse.e4.core.di_1.2.0.v20121024-173149.jar:na]
	at org.eclipse.e4.core.contexts.ContextInjectionFactory.invoke(ContextInjectionFactory.java:131) [org.eclipse.e4.core.contexts_1.2.0.v20121221-192508.jar:na]
	at org.eclipse.e4.core.commands.internal.HandlerServiceImpl.executeHandler(HandlerServiceImpl.java:171) [org.eclipse.e4.core.commands_0.10.1.v20120523-1955.jar:na]
	at org.eclipse.e4.ui.bindings.keys.KeyBindingDispatcher.executeCommand(KeyBindingDispatcher.java:277) [org.eclipse.e4.ui.bindings_0.10.3.v20130123-162658.jar:na]
	at org.eclipse.e4.ui.bindings.keys.KeyBindingDispatcher.press(KeyBindingDispatcher.java:496) [org.eclipse.e4.ui.bindings_0.10.3.v20130123-162658.jar:na]
	at org.eclipse.e4.ui.bindings.keys.KeyBindingDispatcher.processKeyEvent(KeyBindingDispatcher.java:547) [org.eclipse.e4.ui.bindings_0.10.3.v20130123-162658.jar:na]
	at org.eclipse.e4.ui.bindings.keys.KeyBindingDispatcher.filterKeySequenceBindings(KeyBindingDispatcher.java:368) [org.eclipse.e4.ui.bindings_0.10.3.v20130123-162658.jar:na]
	at org.eclipse.e4.ui.bindings.keys.KeyBindingDispatcher.access$0(KeyBindingDispatcher.java:314) [org.eclipse.e4.ui.bindings_0.10.3.v20130123-162658.jar:na]
	at org.eclipse.e4.ui.bindings.keys.KeyBindingDispatcher$KeyDownFilter.handleEvent(KeyBindingDispatcher.java:83) [org.eclipse.e4.ui.bindings_0.10.3.v20130123-162658.jar:na]
	at org.eclipse.swt.widgets.EventTable.sendEvent(EventTable.java:84) [org.eclipse.swt.win32.win32.x86_64_3.100.1.v4236b.jar:na]
	at org.eclipse.swt.widgets.Display.filterEvent(Display.java:1262) [org.eclipse.swt.win32.win32.x86_64_3.100.1.v4236b.jar:na]
	at org.eclipse.swt.widgets.Widget.sendEvent(Widget.java:1052) [org.eclipse.swt.win32.win32.x86_64_3.100.1.v4236b.jar:na]
	at org.eclipse.swt.widgets.Widget.sendEvent(Widget.java:1077) [org.eclipse.swt.win32.win32.x86_64_3.100.1.v4236b.jar:na]
	at org.eclipse.swt.widgets.Widget.sendEvent(Widget.java:1062) [org.eclipse.swt.win32.win32.x86_64_3.100.1.v4236b.jar:na]
	at org.eclipse.swt.widgets.Widget.sendKeyEvent(Widget.java:1104) [org.eclipse.swt.win32.win32.x86_64_3.100.1.v4236b.jar:na]
	at org.eclipse.swt.widgets.Widget.sendKeyEvent(Widget.java:1100) [org.eclipse.swt.win32.win32.x86_64_3.100.1.v4236b.jar:na]
	at org.eclipse.swt.widgets.Widget.wmChar(Widget.java:1521) [org.eclipse.swt.win32.win32.x86_64_3.100.1.v4236b.jar:na]
	at org.eclipse.swt.widgets.Control.WM_CHAR(Control.java:4640) [org.eclipse.swt.win32.win32.x86_64_3.100.1.v4236b.jar:na]
	at org.eclipse.swt.widgets.Canvas.WM_CHAR(Canvas.java:345) [org.eclipse.swt.win32.win32.x86_64_3.100.1.v4236b.jar:na]
	at org.eclipse.swt.widgets.Control.windowProc(Control.java:4528) [org.eclipse.swt.win32.win32.x86_64_3.100.1.v4236b.jar:na]
	at org.eclipse.swt.widgets.Canvas.windowProc(Canvas.java:341) [org.eclipse.swt.win32.win32.x86_64_3.100.1.v4236b.jar:na]
	at org.eclipse.swt.widgets.Display.windowProc(Display.java:4976) [org.eclipse.swt.win32.win32.x86_64_3.100.1.v4236b.jar:na]
	at org.eclipse.swt.internal.win32.OS.DispatchMessageW(Native Method) [org.eclipse.swt.win32.win32.x86_64_3.100.1.v4236b.jar:na]
	at org.eclipse.swt.internal.win32.OS.DispatchMessage(OS.java:2546) [org.eclipse.swt.win32.win32.x86_64_3.100.1.v4236b.jar:na]
	at org.eclipse.swt.widgets.Display.readAndDispatch(Display.java:3756) [org.eclipse.swt.win32.win32.x86_64_3.100.1.v4236b.jar:na]
	at org.eclipse.e4.ui.internal.workbench.swt.PartRenderingEngine$9.run(PartRenderingEngine.java:1053) [org.eclipse.e4.ui.workbench.swt_0.10.3.v20130124-133900.jar:na]
	at org.eclipse.core.databinding.observable.Realm.runWithDefault(Realm.java:332) [org.eclipse.core.databinding.observable_1.4.1.v20120521-2329.jar:na]
	at org.eclipse.e4.ui.internal.workbench.swt.PartRenderingEngine.run(PartRenderingEngine.java:942) [org.eclipse.e4.ui.workbench.swt_0.10.3.v20130124-133900.jar:na]
	at org.eclipse.e4.ui.internal.workbench.E4Workbench.createAndRunUI(E4Workbench.java:86) [org.eclipse.e4.ui.workbench_0.11.0.v20130125-100758.jar:na]
	at org.eclipse.ui.internal.Workbench$5.run(Workbench.java:588) [org.eclipse.ui.workbench_3.104.0.v20130204-164612.jar:na]
	at org.eclipse.core.databinding.observable.Realm.runWithDefault(Realm.java:332) [org.eclipse.core.databinding.observable_1.4.1.v20120521-2329.jar:na]
	at org.eclipse.ui.internal.Workbench.createAndRunWorkbench(Workbench.java:543) [org.eclipse.ui.workbench_3.104.0.v20130204-164612.jar:na]
	at org.eclipse.ui.PlatformUI.createAndRunWorkbench(PlatformUI.java:149) [org.eclipse.ui.workbench_3.104.0.v20130204-164612.jar:na]
	at org.eclipse.ui.internal.ide.application.IDEApplication.start(IDEApplication.java:124) [org.eclipse.ui.ide.application_1.0.400.v20120523-1955.jar:na]
	at org.eclipse.equinox.internal.app.EclipseAppHandle.run(EclipseAppHandle.java:196) [org.eclipse.equinox.app_1.3.100.v20120522-1841.jar:na]
	at org.eclipse.core.runtime.internal.adaptor.EclipseAppLauncher.runApplication(EclipseAppLauncher.java:110) [org.eclipse.osgi_3.8.2.v20130124-134944.jar:na]
	at org.eclipse.core.runtime.internal.adaptor.EclipseAppLauncher.start(EclipseAppLauncher.java:79) [org.eclipse.osgi_3.8.2.v20130124-134944.jar:na]
	at org.eclipse.core.runtime.adaptor.EclipseStarter.run(EclipseStarter.java:353) [org.eclipse.osgi_3.8.2.v20130124-134944.jar:na]
	at org.eclipse.core.runtime.adaptor.EclipseStarter.run(EclipseStarter.java:180) [org.eclipse.osgi_3.8.2.v20130124-134944.jar:na]
	at sun.reflect.NativeMethodAccessorImpl.invoke0(Native Method) ~[na:1.7.0_21]
	at sun.reflect.NativeMethodAccessorImpl.invoke(Unknown Source) ~[na:1.7.0_21]
	at sun.reflect.DelegatingMethodAccessorImpl.invoke(Unknown Source) ~[na:1.7.0_21]
	at java.lang.reflect.Method.invoke(Unknown Source) ~[na:1.7.0_21]
	at org.eclipse.equinox.launcher.Main.invokeFramework(Main.java:629) [org.eclipse.equinox.launcher_1.3.0.v20120522-1813.jar:na]
	at org.eclipse.equinox.launcher.Main.basicRun(Main.java:584) [org.eclipse.equinox.launcher_1.3.0.v20120522-1813.jar:na]
	at org.eclipse.equinox.launcher.Main.run(Main.java:1438) [org.eclipse.equinox.launcher_1.3.0.v20120522-1813.jar:na]
	at org.eclipse.equinox.launcher.Main.main(Main.java:1414) [org.eclipse.equinox.launcher_1.3.0.v20120522-1813.jar:na]
2014-05-13 08:56:01,408 [pool-8-thread-1] INFO  c.n.h.c.p.n.NettyAsyncHttpProvider - Number of application's worked threads is 16
2014-05-13 17:18:23,169 [main] INFO  c.n.h.c.p.n.NettyAsyncHttpProvider - Number of application's worked threads is 16
2014-05-13 17:18:26,531 [pool-6-thread-1] INFO  c.n.h.c.p.n.NettyAsyncHttpProvider - Number of application's worked threads is 16
2014-05-13 17:18:27,954 [pool-8-thread-1] INFO  c.n.h.c.p.n.NettyAsyncHttpProvider - Number of application's worked threads is 16
2014-05-13 17:18:29,373 [pool-10-thread-1] INFO  c.n.h.c.p.n.NettyAsyncHttpProvider - Number of application's worked threads is 16
2014-05-13 19:55:53,083 [main] INFO  c.n.h.c.p.n.NettyAsyncHttpProvider - Number of application's worked threads is 16
2014-05-13 20:07:55,042 [pool-6-thread-1] INFO  c.n.h.c.p.n.NettyAsyncHttpProvider - Number of application's worked threads is 16
2014-05-16 18:25:32,628 [main] INFO  c.n.h.c.p.n.NettyAsyncHttpProvider - Number of application's worked threads is 16
2014-05-16 18:25:33,573 [main] ERROR o.e.r.i.r.repo.ModelRepositoryIndex - Failed to open search index.
org.apache.lucene.util.ThreadInterruptedException: java.lang.InterruptedException: sleep interrupted
	at org.apache.lucene.index.SegmentInfos$FindSegmentsFile.run(SegmentInfos.java:696) ~[org.apache.lucene.core_3.5.0.v20120319-2345.jar:3.5.0 1204988 - simon - 2011-11-22 14:46:51]
	at org.apache.lucene.index.DirectoryReader.open(DirectoryReader.java:75) ~[org.apache.lucene.core_3.5.0.v20120319-2345.jar:3.5.0 1204988 - simon - 2011-11-22 14:46:51]
	at org.apache.lucene.index.IndexReader.open(IndexReader.java:462) ~[org.apache.lucene.core_3.5.0.v20120319-2345.jar:3.5.0 1204988 - simon - 2011-11-22 14:46:51]
	at org.apache.lucene.index.IndexReader.open(IndexReader.java:308) ~[org.apache.lucene.core_3.5.0.v20120319-2345.jar:3.5.0 1204988 - simon - 2011-11-22 14:46:51]
	at org.eclipse.recommenders.internal.rcp.repo.ModelRepositoryIndex.open(ModelRepositoryIndex.java:64) ~[org.eclipse.recommenders.rcp_1.0.3.v20130211-0152-b208.jar:na]
	at org.eclipse.recommenders.internal.rcp.wiring.RecommendersModule$ServicesInitializer.<init>(RecommendersModule.java:377) [org.eclipse.recommenders.rcp_1.0.3.v20130211-0152-b208.jar:na]
	at sun.reflect.NativeConstructorAccessorImpl.newInstance0(Native Method) [na:1.7.0_21]
	at sun.reflect.NativeConstructorAccessorImpl.newInstance(Unknown Source) [na:1.7.0_21]
	at sun.reflect.DelegatingConstructorAccessorImpl.newInstance(Unknown Source) [na:1.7.0_21]
	at java.lang.reflect.Constructor.newInstance(Unknown Source) [na:1.7.0_21]
	at com.google.inject.internal.DefaultConstructionProxyFactory$1.newInstance(DefaultConstructionProxyFactory.java:85) [com.google.inject_3.0.0.v201203062045.jar:na]
	at com.google.inject.internal.ConstructorInjector.construct(ConstructorInjector.java:85) [com.google.inject_3.0.0.v201203062045.jar:na]
	at com.google.inject.internal.ConstructorBindingImpl$Factory.get(ConstructorBindingImpl.java:254) [com.google.inject_3.0.0.v201203062045.jar:na]
	at com.google.inject.internal.ProviderToInternalFactoryAdapter$1.call(ProviderToInternalFactoryAdapter.java:46) [com.google.inject_3.0.0.v201203062045.jar:na]
	at com.google.inject.internal.InjectorImpl.callInContext(InjectorImpl.java:1031) [com.google.inject_3.0.0.v201203062045.jar:na]
	at com.google.inject.internal.ProviderToInternalFactoryAdapter.get(ProviderToInternalFactoryAdapter.java:40) [com.google.inject_3.0.0.v201203062045.jar:na]
	at com.google.inject.Scopes$1$1.get(Scopes.java:65) [com.google.inject_3.0.0.v201203062045.jar:na]
	at com.google.inject.internal.InternalFactoryToProviderAdapter.get(InternalFactoryToProviderAdapter.java:40) [com.google.inject_3.0.0.v201203062045.jar:na]
	at com.google.inject.internal.InternalInjectorCreator$1.call(InternalInjectorCreator.java:204) [com.google.inject_3.0.0.v201203062045.jar:na]
	at com.google.inject.internal.InternalInjectorCreator$1.call(InternalInjectorCreator.java:198) [com.google.inject_3.0.0.v201203062045.jar:na]
	at com.google.inject.internal.InjectorImpl.callInContext(InjectorImpl.java:1024) [com.google.inject_3.0.0.v201203062045.jar:na]
	at com.google.inject.internal.InternalInjectorCreator.loadEagerSingletons(InternalInjectorCreator.java:198) [com.google.inject_3.0.0.v201203062045.jar:na]
	at com.google.inject.internal.InternalInjectorCreator.injectDynamically(InternalInjectorCreator.java:179) [com.google.inject_3.0.0.v201203062045.jar:na]
	at com.google.inject.internal.InternalInjectorCreator.build(InternalInjectorCreator.java:109) [com.google.inject_3.0.0.v201203062045.jar:na]
	at com.google.inject.Guice.createInjector(Guice.java:95) [com.google.inject_3.0.0.v201203062045.jar:na]
	at com.google.inject.Guice.createInjector(Guice.java:72) [com.google.inject_3.0.0.v201203062045.jar:na]
	at org.eclipse.recommenders.injection.InjectionService.getInjector(InjectionService.java:47) [org.eclipse.recommenders.injection_1.0.3.v20130211-0152-b208.jar:na]
	at org.eclipse.recommenders.injection.ExtensionFactory.<init>(ExtensionFactory.java:28) [org.eclipse.recommenders.injection_1.0.3.v20130211-0152-b208.jar:na]
	at sun.reflect.NativeConstructorAccessorImpl.newInstance0(Native Method) [na:1.7.0_21]
	at sun.reflect.NativeConstructorAccessorImpl.newInstance(Unknown Source) [na:1.7.0_21]
	at sun.reflect.DelegatingConstructorAccessorImpl.newInstance(Unknown Source) [na:1.7.0_21]
	at java.lang.reflect.Constructor.newInstance(Unknown Source) [na:1.7.0_21]
	at java.lang.Class.newInstance0(Unknown Source) [na:1.7.0_21]
	at java.lang.Class.newInstance(Unknown Source) [na:1.7.0_21]
	at org.eclipse.core.internal.registry.osgi.RegistryStrategyOSGI.createExecutableExtension(RegistryStrategyOSGI.java:184) [org.eclipse.equinox.registry_3.5.200.v20120522-1841.jar:na]
	at org.eclipse.core.internal.registry.ExtensionRegistry.createExecutableExtension(ExtensionRegistry.java:905) [org.eclipse.equinox.registry_3.5.200.v20120522-1841.jar:na]
	at org.eclipse.core.internal.registry.ConfigurationElement.createExecutableExtension(ConfigurationElement.java:243) [org.eclipse.equinox.registry_3.5.200.v20120522-1841.jar:na]
	at org.eclipse.core.internal.registry.ConfigurationElementHandle.createExecutableExtension(ConfigurationElementHandle.java:55) [org.eclipse.equinox.registry_3.5.200.v20120522-1841.jar:na]
	at org.eclipse.jdt.internal.ui.text.java.CompletionProposalComputerDescriptor.createComputer(CompletionProposalComputerDescriptor.java:308) [org.eclipse.jdt.ui_3.8.2.v20130107-165834.jar:na]
	at org.eclipse.jdt.internal.ui.text.java.CompletionProposalComputerDescriptor.getComputer(CompletionProposalComputerDescriptor.java:275) [org.eclipse.jdt.ui_3.8.2.v20130107-165834.jar:na]
	at org.eclipse.jdt.internal.ui.text.java.CompletionProposalComputerDescriptor.sessionStarted(CompletionProposalComputerDescriptor.java:418) [org.eclipse.jdt.ui_3.8.2.v20130107-165834.jar:na]
	at org.eclipse.jdt.internal.ui.text.java.CompletionProposalCategory.sessionStarted(CompletionProposalCategory.java:389) [org.eclipse.jdt.ui_3.8.2.v20130107-165834.jar:na]
	at org.eclipse.jdt.internal.ui.text.java.ContentAssistProcessor$CompletionListener.assistSessionStarted(ContentAssistProcessor.java:119) [org.eclipse.jdt.ui_3.8.2.v20130107-165834.jar:na]
	at org.eclipse.jface.text.contentassist.ContentAssistant.fireSessionBeginEvent(ContentAssistant.java:2221) [org.eclipse.jface.text_3.8.2.v20121126-164145.jar:na]
	at org.eclipse.jface.text.contentassist.ContentAssistant.prepareToShowCompletions(ContentAssistant.java:1696) [org.eclipse.jface.text_3.8.2.v20121126-164145.jar:na]
	at org.eclipse.jface.text.contentassist.ContentAssistant.showPossibleCompletions(ContentAssistant.java:1661) [org.eclipse.jface.text_3.8.2.v20121126-164145.jar:na]
	at org.eclipse.jdt.internal.ui.javaeditor.CompilationUnitEditor$AdaptedSourceViewer.doOperation(CompilationUnitEditor.java:183) [org.eclipse.jdt.ui_3.8.2.v20130107-165834.jar:na]
	at org.eclipse.ui.texteditor.ContentAssistAction$1.run(ContentAssistAction.java:82) [org.eclipse.ui.workbench.texteditor_3.8.0.v20120523-1310.jar:na]
	at org.eclipse.swt.custom.BusyIndicator.showWhile(BusyIndicator.java:70) [org.eclipse.swt.win32.win32.x86_64_3.100.1.v4236b.jar:na]
	at org.eclipse.ui.texteditor.ContentAssistAction.run(ContentAssistAction.java:80) [org.eclipse.ui.workbench.texteditor_3.8.0.v20120523-1310.jar:na]
	at org.eclipse.jface.action.Action.runWithEvent(Action.java:498) [org.eclipse.jface_3.8.102.v20130123-162658.jar:na]
	at org.eclipse.jface.commands.ActionHandler.execute(ActionHandler.java:119) [org.eclipse.jface_3.8.102.v20130123-162658.jar:na]
	at org.eclipse.ui.internal.handlers.E4HandlerProxy.execute(E4HandlerProxy.java:76) [org.eclipse.ui.workbench_3.104.0.v20130204-164612.jar:na]
	at sun.reflect.NativeMethodAccessorImpl.invoke0(Native Method) ~[na:1.7.0_21]
	at sun.reflect.NativeMethodAccessorImpl.invoke(Unknown Source) ~[na:1.7.0_21]
	at sun.reflect.DelegatingMethodAccessorImpl.invoke(Unknown Source) ~[na:1.7.0_21]
	at java.lang.reflect.Method.invoke(Unknown Source) ~[na:1.7.0_21]
	at org.eclipse.e4.core.internal.di.MethodRequestor.execute(MethodRequestor.java:56) [org.eclipse.e4.core.di_1.2.0.v20121024-173149.jar:na]
	at org.eclipse.e4.core.internal.di.InjectorImpl.invokeUsingClass(InjectorImpl.java:231) [org.eclipse.e4.core.di_1.2.0.v20121024-173149.jar:na]
	at org.eclipse.e4.core.internal.di.InjectorImpl.invoke(InjectorImpl.java:212) [org.eclipse.e4.core.di_1.2.0.v20121024-173149.jar:na]
	at org.eclipse.e4.core.contexts.ContextInjectionFactory.invoke(ContextInjectionFactory.java:131) [org.eclipse.e4.core.contexts_1.2.0.v20121221-192508.jar:na]
	at org.eclipse.e4.core.commands.internal.HandlerServiceImpl.executeHandler(HandlerServiceImpl.java:171) [org.eclipse.e4.core.commands_0.10.1.v20120523-1955.jar:na]
	at org.eclipse.e4.ui.bindings.keys.KeyBindingDispatcher.executeCommand(KeyBindingDispatcher.java:277) [org.eclipse.e4.ui.bindings_0.10.3.v20130123-162658.jar:na]
	at org.eclipse.e4.ui.bindings.keys.KeyBindingDispatcher.press(KeyBindingDispatcher.java:496) [org.eclipse.e4.ui.bindings_0.10.3.v20130123-162658.jar:na]
	at org.eclipse.e4.ui.bindings.keys.KeyBindingDispatcher.processKeyEvent(KeyBindingDispatcher.java:547) [org.eclipse.e4.ui.bindings_0.10.3.v20130123-162658.jar:na]
	at org.eclipse.e4.ui.bindings.keys.KeyBindingDispatcher.filterKeySequenceBindings(KeyBindingDispatcher.java:368) [org.eclipse.e4.ui.bindings_0.10.3.v20130123-162658.jar:na]
	at org.eclipse.e4.ui.bindings.keys.KeyBindingDispatcher.access$0(KeyBindingDispatcher.java:314) [org.eclipse.e4.ui.bindings_0.10.3.v20130123-162658.jar:na]
	at org.eclipse.e4.ui.bindings.keys.KeyBindingDispatcher$KeyDownFilter.handleEvent(KeyBindingDispatcher.java:83) [org.eclipse.e4.ui.bindings_0.10.3.v20130123-162658.jar:na]
	at org.eclipse.swt.widgets.EventTable.sendEvent(EventTable.java:84) [org.eclipse.swt.win32.win32.x86_64_3.100.1.v4236b.jar:na]
	at org.eclipse.swt.widgets.Display.filterEvent(Display.java:1262) [org.eclipse.swt.win32.win32.x86_64_3.100.1.v4236b.jar:na]
	at org.eclipse.swt.widgets.Widget.sendEvent(Widget.java:1052) [org.eclipse.swt.win32.win32.x86_64_3.100.1.v4236b.jar:na]
	at org.eclipse.swt.widgets.Widget.sendEvent(Widget.java:1077) [org.eclipse.swt.win32.win32.x86_64_3.100.1.v4236b.jar:na]
	at org.eclipse.swt.widgets.Widget.sendEvent(Widget.java:1062) [org.eclipse.swt.win32.win32.x86_64_3.100.1.v4236b.jar:na]
	at org.eclipse.swt.widgets.Widget.sendKeyEvent(Widget.java:1104) [org.eclipse.swt.win32.win32.x86_64_3.100.1.v4236b.jar:na]
	at org.eclipse.swt.widgets.Widget.sendKeyEvent(Widget.java:1100) [org.eclipse.swt.win32.win32.x86_64_3.100.1.v4236b.jar:na]
	at org.eclipse.swt.widgets.Widget.wmChar(Widget.java:1521) [org.eclipse.swt.win32.win32.x86_64_3.100.1.v4236b.jar:na]
	at org.eclipse.swt.widgets.Control.WM_CHAR(Control.java:4640) [org.eclipse.swt.win32.win32.x86_64_3.100.1.v4236b.jar:na]
	at org.eclipse.swt.widgets.Canvas.WM_CHAR(Canvas.java:345) [org.eclipse.swt.win32.win32.x86_64_3.100.1.v4236b.jar:na]
	at org.eclipse.swt.widgets.Control.windowProc(Control.java:4528) [org.eclipse.swt.win32.win32.x86_64_3.100.1.v4236b.jar:na]
	at org.eclipse.swt.widgets.Canvas.windowProc(Canvas.java:341) [org.eclipse.swt.win32.win32.x86_64_3.100.1.v4236b.jar:na]
	at org.eclipse.swt.widgets.Display.windowProc(Display.java:4976) [org.eclipse.swt.win32.win32.x86_64_3.100.1.v4236b.jar:na]
	at org.eclipse.swt.internal.win32.OS.DispatchMessageW(Native Method) [org.eclipse.swt.win32.win32.x86_64_3.100.1.v4236b.jar:na]
	at org.eclipse.swt.internal.win32.OS.DispatchMessage(OS.java:2546) [org.eclipse.swt.win32.win32.x86_64_3.100.1.v4236b.jar:na]
	at org.eclipse.swt.widgets.Display.readAndDispatch(Display.java:3756) [org.eclipse.swt.win32.win32.x86_64_3.100.1.v4236b.jar:na]
	at org.eclipse.e4.ui.internal.workbench.swt.PartRenderingEngine$9.run(PartRenderingEngine.java:1053) [org.eclipse.e4.ui.workbench.swt_0.10.3.v20130124-133900.jar:na]
	at org.eclipse.core.databinding.observable.Realm.runWithDefault(Realm.java:332) [org.eclipse.core.databinding.observable_1.4.1.v20120521-2329.jar:na]
	at org.eclipse.e4.ui.internal.workbench.swt.PartRenderingEngine.run(PartRenderingEngine.java:942) [org.eclipse.e4.ui.workbench.swt_0.10.3.v20130124-133900.jar:na]
	at org.eclipse.e4.ui.internal.workbench.E4Workbench.createAndRunUI(E4Workbench.java:86) [org.eclipse.e4.ui.workbench_0.11.0.v20130125-100758.jar:na]
	at org.eclipse.ui.internal.Workbench$5.run(Workbench.java:588) [org.eclipse.ui.workbench_3.104.0.v20130204-164612.jar:na]
	at org.eclipse.core.databinding.observable.Realm.runWithDefault(Realm.java:332) [org.eclipse.core.databinding.observable_1.4.1.v20120521-2329.jar:na]
	at org.eclipse.ui.internal.Workbench.createAndRunWorkbench(Workbench.java:543) [org.eclipse.ui.workbench_3.104.0.v20130204-164612.jar:na]
	at org.eclipse.ui.PlatformUI.createAndRunWorkbench(PlatformUI.java:149) [org.eclipse.ui.workbench_3.104.0.v20130204-164612.jar:na]
	at org.eclipse.ui.internal.ide.application.IDEApplication.start(IDEApplication.java:124) [org.eclipse.ui.ide.application_1.0.400.v20120523-1955.jar:na]
	at org.eclipse.equinox.internal.app.EclipseAppHandle.run(EclipseAppHandle.java:196) [org.eclipse.equinox.app_1.3.100.v20120522-1841.jar:na]
	at org.eclipse.core.runtime.internal.adaptor.EclipseAppLauncher.runApplication(EclipseAppLauncher.java:110) [org.eclipse.osgi_3.8.2.v20130124-134944.jar:na]
	at org.eclipse.core.runtime.internal.adaptor.EclipseAppLauncher.start(EclipseAppLauncher.java:79) [org.eclipse.osgi_3.8.2.v20130124-134944.jar:na]
	at org.eclipse.core.runtime.adaptor.EclipseStarter.run(EclipseStarter.java:353) [org.eclipse.osgi_3.8.2.v20130124-134944.jar:na]
	at org.eclipse.core.runtime.adaptor.EclipseStarter.run(EclipseStarter.java:180) [org.eclipse.osgi_3.8.2.v20130124-134944.jar:na]
	at sun.reflect.NativeMethodAccessorImpl.invoke0(Native Method) ~[na:1.7.0_21]
	at sun.reflect.NativeMethodAccessorImpl.invoke(Unknown Source) ~[na:1.7.0_21]
	at sun.reflect.DelegatingMethodAccessorImpl.invoke(Unknown Source) ~[na:1.7.0_21]
	at java.lang.reflect.Method.invoke(Unknown Source) ~[na:1.7.0_21]
	at org.eclipse.equinox.launcher.Main.invokeFramework(Main.java:629) [org.eclipse.equinox.launcher_1.3.0.v20120522-1813.jar:na]
	at org.eclipse.equinox.launcher.Main.basicRun(Main.java:584) [org.eclipse.equinox.launcher_1.3.0.v20120522-1813.jar:na]
	at org.eclipse.equinox.launcher.Main.run(Main.java:1438) [org.eclipse.equinox.launcher_1.3.0.v20120522-1813.jar:na]
	at org.eclipse.equinox.launcher.Main.main(Main.java:1414) [org.eclipse.equinox.launcher_1.3.0.v20120522-1813.jar:na]
Caused by: java.lang.InterruptedException: sleep interrupted
	at java.lang.Thread.sleep(Native Method) ~[na:1.7.0_21]
	at org.apache.lucene.index.SegmentInfos$FindSegmentsFile.run(SegmentInfos.java:694) ~[org.apache.lucene.core_3.5.0.v20120319-2345.jar:3.5.0 1204988 - simon - 2011-11-22 14:46:51]
	... 105 common frames omitted
2014-05-16 18:32:46,107 [Worker-10] INFO  o.e.m.c.i.i.nexus.NexusIndexManager - Updating index for repository: central|http://repo.maven.apache.org/maven2
2014-05-16 18:32:46,156 [Worker-10] INFO  c.n.h.c.p.n.NettyAsyncHttpProvider - Number of application's worked threads is 16
2014-05-16 18:33:01,813 [Worker-10] ERROR o.e.m.c.i.i.nexus.NexusIndexManager - Unable to update index for central|http://repo.maven.apache.org/maven2
java.io.IOException: null
	at org.eclipse.m2e.core.internal.index.nexus.AsyncFetcher$PipedErrorInputStream.checkError(AsyncFetcher.java:250) ~[org.eclipse.m2e.core_1.3.0.20130129-0926.jar:na]
	at org.eclipse.m2e.core.internal.index.nexus.AsyncFetcher$PipedErrorInputStream.read(AsyncFetcher.java:258) ~[org.eclipse.m2e.core_1.3.0.20130129-0926.jar:na]
	at java.io.PipedInputStream.read(Unknown Source) ~[na:1.7.0_21]
	at java.io.InputStream.read(Unknown Source) ~[na:1.7.0_21]
	at org.codehaus.plexus.util.IOUtil.copy(IOUtil.java:188) ~[plexus-utils-2.0.6.jar:na]
	at org.codehaus.plexus.util.IOUtil.copy(IOUtil.java:174) ~[plexus-utils-2.0.6.jar:na]
	at org.codehaus.plexus.util.FileUtils.copyStreamToFile(FileUtils.java:1143) ~[plexus-utils-2.0.6.jar:na]
	at org.apache.maven.index.updater.DefaultIndexUpdater$LocalCacheIndexAdaptor.setIndexFile(DefaultIndexUpdater.java:700) ~[indexer-core-3.1.0.jar:3.1.0]
	at org.apache.maven.index.updater.DefaultIndexUpdater.fetchAndUpdateIndex(DefaultIndexUpdater.java:844) ~[indexer-core-3.1.0.jar:3.1.0]
	at org.apache.maven.index.updater.DefaultIndexUpdater.fetchAndUpdateIndex(DefaultIndexUpdater.java:135) ~[indexer-core-3.1.0.jar:3.1.0]
	at org.eclipse.m2e.core.internal.index.nexus.NexusIndexManager.updateRemoteIndex(NexusIndexManager.java:1123) [org.eclipse.m2e.core_1.3.0.20130129-0926.jar:na]
	at org.eclipse.m2e.core.internal.index.nexus.NexusIndexManager.updateIndex(NexusIndexManager.java:1080) [org.eclipse.m2e.core_1.3.0.20130129-0926.jar:na]
	at org.eclipse.m2e.core.internal.index.nexus.NexusIndexManager$1.run(NexusIndexManager.java:657) [org.eclipse.m2e.core_1.3.0.20130129-0926.jar:na]
	at org.eclipse.m2e.core.internal.index.nexus.IndexUpdaterJob.run(IndexUpdaterJob.java:72) [org.eclipse.m2e.core_1.3.0.20130129-0926.jar:na]
	at org.eclipse.core.internal.jobs.Worker.run(Worker.java:53) [org.eclipse.core.jobs_3.5.300.v20120912-155018.jar:na]
java.util.concurrent.CancellationException: null
	at com.ning.http.client.providers.netty.NettyResponseFuture.cancel(NettyResponseFuture.java:154) ~[na:na]
	at org.eclipse.m2e.core.internal.index.nexus.AsyncFetcher.cancel(AsyncFetcher.java:92) ~[na:na]
	at org.eclipse.m2e.core.internal.index.nexus.AsyncFetcher$MonitorListener.checkCancelled(AsyncFetcher.java:273) ~[na:na]
	at org.eclipse.m2e.core.internal.index.nexus.AsyncFetcher$MonitorListener.onStatus(AsyncFetcher.java:278) ~[na:na]
	at com.ning.http.client.SimpleAsyncHttpClient$BodyConsumerAsyncHandler.fireStatus(SimpleAsyncHttpClient.java:828) ~[na:na]
	at com.ning.http.client.SimpleAsyncHttpClient$BodyConsumerAsyncHandler.onStatusReceived(SimpleAsyncHttpClient.java:779) ~[na:na]
	at com.ning.http.client.providers.netty.NettyAsyncHttpProvider.updateStatusAndInterrupt(NettyAsyncHttpProvider.java:1587) ~[na:na]
	at com.ning.http.client.providers.netty.NettyAsyncHttpProvider.messageReceived(NettyAsyncHttpProvider.java:1242) ~[na:na]
	at org.jboss.netty.channel.SimpleChannelUpstreamHandler.handleUpstream(SimpleChannelUpstreamHandler.java:80) ~[na:na]
	at org.jboss.netty.channel.DefaultChannelPipeline.sendUpstream(DefaultChannelPipeline.java:564) ~[na:na]
	at org.jboss.netty.channel.DefaultChannelPipeline$DefaultChannelHandlerContext.sendUpstream(DefaultChannelPipeline.java:783) ~[na:na]
	at org.jboss.netty.handler.stream.ChunkedWriteHandler.handleUpstream(ChunkedWriteHandler.java:149) ~[na:na]
	at org.jboss.netty.channel.DefaultChannelPipeline.sendUpstream(DefaultChannelPipeline.java:564) ~[na:na]
	at org.jboss.netty.channel.DefaultChannelPipeline$DefaultChannelHandlerContext.sendUpstream(DefaultChannelPipeline.java:783) ~[na:na]
	at org.jboss.netty.handler.codec.http.HttpContentDecoder.messageReceived(HttpContentDecoder.java:104) ~[na:na]
	at org.jboss.netty.channel.SimpleChannelUpstreamHandler.handleUpstream(SimpleChannelUpstreamHandler.java:80) ~[na:na]
	at org.jboss.netty.channel.DefaultChannelPipeline.sendUpstream(DefaultChannelPipeline.java:564) ~[na:na]
	at org.jboss.netty.channel.DefaultChannelPipeline$DefaultChannelHandlerContext.sendUpstream(DefaultChannelPipeline.java:783) ~[na:na]
	at org.jboss.netty.channel.Channels.fireMessageReceived(Channels.java:302) ~[na:na]
	at org.jboss.netty.handler.codec.replay.ReplayingDecoder.unfoldAndFireMessageReceived(ReplayingDecoder.java:522) ~[na:na]
	at org.jboss.netty.handler.codec.replay.ReplayingDecoder.callDecode(ReplayingDecoder.java:506) ~[na:na]
	at org.jboss.netty.handler.codec.replay.ReplayingDecoder.messageReceived(ReplayingDecoder.java:443) ~[na:na]
	at org.jboss.netty.channel.SimpleChannelUpstreamHandler.handleUpstream(SimpleChannelUpstreamHandler.java:80) ~[na:na]
	at org.jboss.netty.handler.codec.http.HttpClientCodec.handleUpstream(HttpClientCodec.java:77) ~[na:na]
	at org.jboss.netty.channel.DefaultChannelPipeline.sendUpstream(DefaultChannelPipeline.java:564) ~[na:na]
	at org.jboss.netty.channel.DefaultChannelPipeline.sendUpstream(DefaultChannelPipeline.java:559) ~[na:na]
	at org.jboss.netty.channel.Channels.fireMessageReceived(Channels.java:274) ~[na:na]
	at org.jboss.netty.channel.Channels.fireMessageReceived(Channels.java:261) ~[na:na]
	at org.jboss.netty.channel.socket.nio.NioWorker.read(NioWorker.java:349) ~[na:na]
	at org.jboss.netty.channel.socket.nio.NioWorker.processSelectedKeys(NioWorker.java:280) ~[na:na]
	at org.jboss.netty.channel.socket.nio.NioWorker.run(NioWorker.java:200) ~[na:na]
	at org.jboss.netty.util.ThreadRenamingRunnable.run(ThreadRenamingRunnable.java:108) ~[na:na]
	at org.jboss.netty.util.internal.DeadLockProofWorker$1.run(DeadLockProofWorker.java:44) ~[na:na]
	at java.util.concurrent.ThreadPoolExecutor.runWorker(Unknown Source) ~[na:1.7.0_21]
	at java.util.concurrent.ThreadPoolExecutor$Worker.run(Unknown Source) ~[na:1.7.0_21]
	at java.lang.Thread.run(Unknown Source) ~[na:1.7.0_21]
2014-05-20 16:12:17,946 [main] INFO  c.n.h.c.p.n.NettyAsyncHttpProvider - Number of application's worked threads is 16
2014-05-20 16:12:18,668 [Worker-5] WARN  o.e.r.i.rcp.repo.ModelRepository - 'remote-models (http://download.eclipse.org/recommenders/models/juno/, releases+snapshots)' did not send ETAG header for 'org.eclipse.recommenders:index:zip:0.0.0'.
2014-05-20 16:12:19,063 [pool-6-thread-1] INFO  c.n.h.c.p.n.NettyAsyncHttpProvider - Number of application's worked threads is 16
2014-05-20 16:12:19,152 [Worker-5] WARN  o.e.r.i.rcp.repo.ModelRepository - 'remote-models (http://download.eclipse.org/recommenders/models/juno/, releases+snapshots)' did not send ETAG header for 'org.eclipse.recommenders:index:zip:0.0.0'.
2014-05-20 16:12:19,181 [Worker-5] WARN  o.e.r.i.r.repo.UpdateModelIndexJob - Updating index cancelled.
org.sonatype.aether.resolution.DependencyResolutionException: Could not transfer artifact org.eclipse.recommenders:index:zip:0.0.0 from/to remote-models (http://download.eclipse.org/recommenders/models/juno/): Error transferring file: null to http://download.eclipse.org/recommenders/models/juno/org/eclipse/recommenders/index/0.0.0/index-0.0.0.zip
	at org.sonatype.aether.impl.internal.DefaultRepositorySystem.resolveDependencies(DefaultRepositorySystem.java:375) ~[na:na]
	at org.eclipse.recommenders.internal.rcp.repo.ModelRepository.resolve(ModelRepository.java:224) ~[na:na]
	at org.eclipse.recommenders.internal.rcp.repo.UpdateModelIndexJob.downloadAndUnzipIndex(UpdateModelIndexJob.java:68) ~[na:na]
	at org.eclipse.recommenders.internal.rcp.repo.UpdateModelIndexJob.run(UpdateModelIndexJob.java:49) ~[na:na]
	at org.eclipse.core.internal.jobs.Worker.run(Worker.java:53) [org.eclipse.core.jobs_3.5.300.v20120912-155018.jar:na]
Caused by: org.sonatype.aether.resolution.ArtifactResolutionException: Could not transfer artifact org.eclipse.recommenders:index:zip:0.0.0 from/to remote-models (http://download.eclipse.org/recommenders/models/juno/): Error transferring file: null to http://download.eclipse.org/recommenders/models/juno/org/eclipse/recommenders/index/0.0.0/index-0.0.0.zip
	at org.sonatype.aether.impl.internal.DefaultArtifactResolver.resolve(DefaultArtifactResolver.java:538) ~[na:na]
	at org.sonatype.aether.impl.internal.DefaultArtifactResolver.resolveArtifacts(DefaultArtifactResolver.java:216) ~[na:na]
	at org.sonatype.aether.impl.internal.DefaultRepositorySystem.resolveDependencies(DefaultRepositorySystem.java:358) ~[na:na]
	... 4 common frames omitted
org.sonatype.aether.transfer.ArtifactTransferException: Could not transfer artifact org.eclipse.recommenders:index:zip:0.0.0 from/to remote-models (http://download.eclipse.org/recommenders/models/juno/): Error transferring file: null to http://download.eclipse.org/recommenders/models/juno/org/eclipse/recommenders/index/0.0.0/index-0.0.0.zip
	at org.sonatype.aether.connector.wagon.WagonRepositoryConnector$4.wrap(WagonRepositoryConnector.java:951) ~[na:na]
	at org.sonatype.aether.connector.wagon.WagonRepositoryConnector$4.wrap(WagonRepositoryConnector.java:941) ~[na:na]
	at org.sonatype.aether.connector.wagon.WagonRepositoryConnector$GetTask.run(WagonRepositoryConnector.java:669) ~[na:na]
	at org.sonatype.aether.util.concurrency.RunnableErrorForwarder$1.run(RunnableErrorForwarder.java:60) ~[na:na]
	at java.util.concurrent.ThreadPoolExecutor.runWorker(Unknown Source) ~[na:1.7.0_21]
	at java.util.concurrent.ThreadPoolExecutor$Worker.run(Unknown Source) ~[na:1.7.0_21]
	at java.lang.Thread.run(Unknown Source) ~[na:1.7.0_21]
Caused by: org.apache.maven.wagon.TransferFailedException: Error transferring file: null to http://download.eclipse.org/recommenders/models/juno/org/eclipse/recommenders/index/0.0.0/index-0.0.0.zip
	at org.sonatype.maven.wagon.AhcWagon.fillInputData(AhcWagon.java:301) ~[na:na]
	at org.apache.maven.wagon.StreamWagon.getInputStream(StreamWagon.java:116) ~[na:na]
	at org.apache.maven.wagon.StreamWagon.getIfNewer(StreamWagon.java:88) ~[na:na]
	at org.apache.maven.wagon.StreamWagon.get(StreamWagon.java:61) ~[na:na]
	at org.sonatype.aether.connector.wagon.WagonRepositoryConnector$GetTask.run(WagonRepositoryConnector.java:601) ~[na:na]
	... 4 common frames omitted
Caused by: java.io.IOException: null to http://download.eclipse.org/recommenders/models/juno/org/eclipse/recommenders/index/0.0.0/index-0.0.0.zip
	at org.sonatype.maven.wagon.AhcWagon.fillInputData(AhcWagon.java:270) ~[na:na]
	... 8 common frames omitted
Caused by: java.net.ConnectException: null to http://download.eclipse.org/recommenders/models/juno/org/eclipse/recommenders/index/0.0.0/index-0.0.0.zip
	at com.ning.http.client.providers.netty.NettyConnectListener.operationComplete(NettyConnectListener.java:95) ~[na:na]
	at org.jboss.netty.channel.DefaultChannelFuture.notifyListener(DefaultChannelFuture.java:381) ~[na:na]
	at org.jboss.netty.channel.DefaultChannelFuture.addListener(DefaultChannelFuture.java:148) ~[na:na]
	at com.ning.http.client.providers.netty.NettyAsyncHttpProvider.doConnect(NettyAsyncHttpProvider.java:945) ~[na:na]
	at com.ning.http.client.providers.netty.NettyAsyncHttpProvider.execute(NettyAsyncHttpProvider.java:776) ~[na:na]
	at com.ning.http.client.AsyncHttpClient.executeRequest(AsyncHttpClient.java:484) ~[na:na]
	at com.ning.http.client.AsyncHttpClient$BoundRequestBuilder.execute(AsyncHttpClient.java:227) ~[na:na]
	at org.sonatype.maven.wagon.AhcWagon.fillInputData(AhcWagon.java:264) ~[na:na]
	... 8 common frames omitted
Caused by: java.nio.channels.UnresolvedAddressException: null
	at sun.nio.ch.Net.checkAddress(Unknown Source) ~[na:1.7.0_21]
	at sun.nio.ch.SocketChannelImpl.connect(Unknown Source) ~[na:1.7.0_21]
	at org.jboss.netty.channel.socket.nio.NioClientSocketPipelineSink.connect(NioClientSocketPipelineSink.java:140) ~[na:na]
	at org.jboss.netty.channel.socket.nio.NioClientSocketPipelineSink.eventSunk(NioClientSocketPipelineSink.java:103) ~[na:na]
	at org.jboss.netty.handler.codec.oneone.OneToOneEncoder.handleDownstream(OneToOneEncoder.java:60) ~[na:na]
	at org.jboss.netty.handler.codec.http.HttpClientCodec.handleDownstream(HttpClientCodec.java:82) ~[na:na]
	at org.jboss.netty.handler.stream.ChunkedWriteHandler.handleDownstream(ChunkedWriteHandler.java:115) ~[na:na]
	at org.jboss.netty.channel.Channels.connect(Channels.java:541) ~[na:na]
	at org.jboss.netty.channel.AbstractChannel.connect(AbstractChannel.java:210) ~[na:na]
	at org.jboss.netty.bootstrap.ClientBootstrap.connect(ClientBootstrap.java:227) ~[na:na]
	at org.jboss.netty.bootstrap.ClientBootstrap.connect(ClientBootstrap.java:188) ~[na:na]
	at com.ning.http.client.providers.netty.NettyAsyncHttpProvider.doConnect(NettyAsyncHttpProvider.java:902) ~[na:na]
	... 12 common frames omitted
